2025-07-21 23:35:56,097 remote_control_joystick.py, line 126, INFO:image:6243.jpg
2025-07-21 23:35:56,152 remote_control_joystick.py, line 126, INFO:image:6244.jpg
2025-07-21 23:35:56,207 remote_control_joystick.py, line 126, INFO:image:6245.jpg
2025-07-21 23:35:56,262 remote_control_joystick.py, line 126, INFO:image:6246.jpg
2025-07-21 23:35:56,317 remote_control_joystick.py, line 126, INFO:image:6247.jpg
2025-07-21 23:35:56,371 remote_control_joystick.py, line 126, INFO:image:6248.jpg
2025-07-21 23:35:56,426 remote_control_joystick.py, line 126, INFO:image:6249.jpg
2025-07-21 23:35:56,609 remote_control_joystick.py, line 126, INFO:image:6250.jpg
2025-07-21 23:35:56,663 remote_control_joystick.py, line 126, INFO:image:6251.jpg
2025-07-21 23:35:56,718 remote_control_joystick.py, line 126, INFO:image:6252.jpg
2025-07-21 23:35:56,773 remote_control_joystick.py, line 126, INFO:image:6253.jpg
2025-07-21 23:35:56,827 remote_control_joystick.py, line 126, INFO:image:6254.jpg
2025-07-21 23:35:56,882 remote_control_joystick.py, line 126, INFO:image:6255.jpg
2025-07-21 23:35:56,937 remote_control_joystick.py, line 126, INFO:image:6256.jpg
2025-07-21 23:35:56,993 remote_control_joystick.py, line 126, INFO:image:6257.jpg
2025-07-21 23:35:57,048 remote_control_joystick.py, line 126, INFO:image:6258.jpg
2025-07-21 23:35:57,102 remote_control_joystick.py, line 126, INFO:image:6259.jpg
2025-07-21 23:35:57,353 remote_control_joystick.py, line 126, INFO:image:6260.jpg
2025-07-21 23:35:57,411 remote_control_joystick.py, line 126, INFO:image:6261.jpg
2025-07-21 23:35:57,466 remote_control_joystick.py, line 126, INFO:image:6262.jpg
2025-07-21 23:35:57,521 remote_control_joystick.py, line 126, INFO:image:6263.jpg
2025-07-21 23:35:57,576 remote_control_joystick.py, line 126, INFO:image:6264.jpg
2025-07-21 23:35:57,631 remote_control_joystick.py, line 126, INFO:image:6265.jpg
2025-07-21 23:35:57,686 remote_control_joystick.py, line 126, INFO:image:6266.jpg
2025-07-21 23:35:57,742 remote_control_joystick.py, line 126, INFO:image:6267.jpg
2025-07-21 23:35:57,797 remote_control_joystick.py, line 126, INFO:image:6268.jpg
2025-07-21 23:35:57,852 remote_control_joystick.py, line 126, INFO:image:6269.jpg
2025-07-21 23:35:58,027 remote_control_joystick.py, line 126, INFO:image:6270.jpg
2025-07-21 23:35:58,081 remote_control_joystick.py, line 126, INFO:image:6271.jpg
2025-07-21 23:35:58,135 remote_control_joystick.py, line 126, INFO:image:6272.jpg
2025-07-21 23:35:58,189 remote_control_joystick.py, line 126, INFO:image:6273.jpg
2025-07-21 23:35:58,244 remote_control_joystick.py, line 126, INFO:image:6274.jpg
2025-07-21 23:35:58,301 remote_control_joystick.py, line 126, INFO:image:6275.jpg
2025-07-21 23:35:58,357 remote_control_joystick.py, line 126, INFO:image:6276.jpg
2025-07-21 23:35:58,412 remote_control_joystick.py, line 126, INFO:image:6277.jpg
2025-07-21 23:35:58,466 remote_control_joystick.py, line 126, INFO:image:6278.jpg
2025-07-21 23:35:58,521 remote_control_joystick.py, line 126, INFO:image:6279.jpg
2025-07-21 23:35:58,773 remote_control_joystick.py, line 126, INFO:image:6280.jpg
2025-07-21 23:35:58,828 remote_control_joystick.py, line 126, INFO:image:6281.jpg
2025-07-21 23:35:58,883 remote_control_joystick.py, line 126, INFO:image:6282.jpg
2025-07-21 23:35:58,937 remote_control_joystick.py, line 126, INFO:image:6283.jpg
2025-07-21 23:35:58,992 remote_control_joystick.py, line 126, INFO:image:6284.jpg
2025-07-21 23:35:59,046 remote_control_joystick.py, line 126, INFO:image:6285.jpg
2025-07-21 23:35:59,100 remote_control_joystick.py, line 126, INFO:image:6286.jpg
2025-07-21 23:35:59,155 remote_control_joystick.py, line 126, INFO:image:6287.jpg
2025-07-21 23:35:59,209 remote_control_joystick.py, line 126, INFO:image:6288.jpg
2025-07-21 23:35:59,264 remote_control_joystick.py, line 126, INFO:image:6289.jpg
2025-07-21 23:35:59,452 remote_control_joystick.py, line 126, INFO:image:6290.jpg
2025-07-21 23:35:59,506 remote_control_joystick.py, line 126, INFO:image:6291.jpg
2025-07-21 23:35:59,560 remote_control_joystick.py, line 126, INFO:image:6292.jpg
2025-07-21 23:35:59,615 remote_control_joystick.py, line 126, INFO:image:6293.jpg
2025-07-21 23:35:59,669 remote_control_joystick.py, line 126, INFO:image:6294.jpg
2025-07-21 23:35:59,723 remote_control_joystick.py, line 126, INFO:image:6295.jpg
2025-07-21 23:35:59,778 remote_control_joystick.py, line 126, INFO:image:6296.jpg
2025-07-21 23:35:59,832 remote_control_joystick.py, line 126, INFO:image:6297.jpg
2025-07-21 23:35:59,887 remote_control_joystick.py, line 126, INFO:image:6298.jpg
2025-07-21 23:35:59,941 remote_control_joystick.py, line 126, INFO:image:6299.jpg
2025-07-21 23:36:00,192 remote_control_joystick.py, line 126, INFO:image:6300.jpg
2025-07-21 23:36:00,247 remote_control_joystick.py, line 126, INFO:image:6301.jpg
2025-07-21 23:36:00,302 remote_control_joystick.py, line 126, INFO:image:6302.jpg
2025-07-21 23:36:00,357 remote_control_joystick.py, line 126, INFO:image:6303.jpg
2025-07-21 23:36:00,412 remote_control_joystick.py, line 126, INFO:image:6304.jpg
2025-07-21 23:36:00,467 remote_control_joystick.py, line 126, INFO:image:6305.jpg
2025-07-21 23:36:00,521 remote_control_joystick.py, line 126, INFO:image:6306.jpg
2025-07-21 23:36:00,575 remote_control_joystick.py, line 126, INFO:image:6307.jpg
2025-07-21 23:36:00,630 remote_control_joystick.py, line 126, INFO:image:6308.jpg
2025-07-21 23:36:00,684 remote_control_joystick.py, line 126, INFO:image:6309.jpg
2025-07-21 23:36:00,873 remote_control_joystick.py, line 126, INFO:image:6310.jpg
2025-07-21 23:36:00,927 remote_control_joystick.py, line 126, INFO:image:6311.jpg
2025-07-21 23:36:00,982 remote_control_joystick.py, line 126, INFO:image:6312.jpg
2025-07-21 23:36:01,036 remote_control_joystick.py, line 126, INFO:image:6313.jpg
2025-07-21 23:36:01,091 remote_control_joystick.py, line 126, INFO:image:6314.jpg
2025-07-21 23:36:01,145 remote_control_joystick.py, line 126, INFO:image:6315.jpg
2025-07-21 23:36:01,200 remote_control_joystick.py, line 126, INFO:image:6316.jpg
2025-07-21 23:36:01,255 remote_control_joystick.py, line 126, INFO:image:6317.jpg
2025-07-21 23:36:01,309 remote_control_joystick.py, line 126, INFO:image:6318.jpg
2025-07-21 23:36:01,364 remote_control_joystick.py, line 126, INFO:image:6319.jpg
2025-07-21 23:36:01,621 remote_control_joystick.py, line 126, INFO:image:6320.jpg
2025-07-21 23:36:01,676 remote_control_joystick.py, line 126, INFO:image:6321.jpg
2025-07-21 23:36:01,731 remote_control_joystick.py, line 126, INFO:image:6322.jpg
2025-07-21 23:36:01,786 remote_control_joystick.py, line 126, INFO:image:6323.jpg
2025-07-21 23:36:01,841 remote_control_joystick.py, line 126, INFO:image:6324.jpg
2025-07-21 23:36:01,896 remote_control_joystick.py, line 126, INFO:image:6325.jpg
2025-07-21 23:36:01,952 remote_control_joystick.py, line 126, INFO:image:6326.jpg
2025-07-21 23:36:02,006 remote_control_joystick.py, line 126, INFO:image:6327.jpg
2025-07-21 23:36:02,061 remote_control_joystick.py, line 126, INFO:image:6328.jpg
2025-07-21 23:36:02,117 remote_control_joystick.py, line 126, INFO:image:6329.jpg
2025-07-21 23:36:02,307 remote_control_joystick.py, line 126, INFO:image:6330.jpg
2025-07-21 23:36:02,361 remote_control_joystick.py, line 126, INFO:image:6331.jpg
2025-07-21 23:36:02,417 remote_control_joystick.py, line 126, INFO:image:6332.jpg
2025-07-21 23:36:02,472 remote_control_joystick.py, line 126, INFO:image:6333.jpg
2025-07-21 23:36:02,526 remote_control_joystick.py, line 126, INFO:image:6334.jpg
2025-07-21 23:36:02,581 remote_control_joystick.py, line 126, INFO:image:6335.jpg
2025-07-21 23:36:02,636 remote_control_joystick.py, line 126, INFO:image:6336.jpg
2025-07-21 23:36:02,691 remote_control_joystick.py, line 126, INFO:image:6337.jpg
2025-07-21 23:36:02,746 remote_control_joystick.py, line 126, INFO:image:6338.jpg
2025-07-21 23:36:02,802 remote_control_joystick.py, line 126, INFO:image:6339.jpg
2025-07-21 23:36:03,055 remote_control_joystick.py, line 126, INFO:image:6340.jpg
2025-07-21 23:36:03,110 remote_control_joystick.py, line 126, INFO:image:6341.jpg
2025-07-21 23:36:03,165 remote_control_joystick.py, line 126, INFO:image:6342.jpg
2025-07-21 23:36:03,220 remote_control_joystick.py, line 126, INFO:image:6343.jpg
2025-07-21 23:36:03,275 remote_control_joystick.py, line 126, INFO:image:6344.jpg
2025-07-21 23:36:03,330 remote_control_joystick.py, line 126, INFO:image:6345.jpg
2025-07-21 23:36:03,385 remote_control_joystick.py, line 126, INFO:image:6346.jpg
2025-07-21 23:36:03,440 remote_control_joystick.py, line 126, INFO:image:6347.jpg
2025-07-21 23:36:03,495 remote_control_joystick.py, line 126, INFO:image:6348.jpg
2025-07-21 23:36:03,551 remote_control_joystick.py, line 126, INFO:image:6349.jpg
2025-07-21 23:36:03,748 remote_control_joystick.py, line 126, INFO:image:6350.jpg
2025-07-21 23:36:03,802 remote_control_joystick.py, line 126, INFO:image:6351.jpg
2025-07-21 23:36:03,856 remote_control_joystick.py, line 126, INFO:image:6352.jpg
2025-07-21 23:36:03,911 remote_control_joystick.py, line 126, INFO:image:6353.jpg
2025-07-21 23:36:03,966 remote_control_joystick.py, line 126, INFO:image:6354.jpg
2025-07-21 23:36:04,020 remote_control_joystick.py, line 126, INFO:image:6355.jpg
2025-07-21 23:36:04,075 remote_control_joystick.py, line 126, INFO:image:6356.jpg
2025-07-21 23:36:04,130 remote_control_joystick.py, line 126, INFO:image:6357.jpg
2025-07-21 23:36:04,184 remote_control_joystick.py, line 126, INFO:image:6358.jpg
2025-07-21 23:36:04,239 remote_control_joystick.py, line 126, INFO:image:6359.jpg
2025-07-21 23:36:04,495 remote_control_joystick.py, line 126, INFO:image:6360.jpg
2025-07-21 23:36:04,551 remote_control_joystick.py, line 126, INFO:image:6361.jpg
2025-07-21 23:36:04,606 remote_control_joystick.py, line 126, INFO:image:6362.jpg
2025-07-21 23:36:04,661 remote_control_joystick.py, line 126, INFO:image:6363.jpg
2025-07-21 23:36:04,715 remote_control_joystick.py, line 126, INFO:image:6364.jpg
2025-07-21 23:36:04,770 remote_control_joystick.py, line 126, INFO:image:6365.jpg
2025-07-21 23:36:04,825 remote_control_joystick.py, line 126, INFO:image:6366.jpg
2025-07-21 23:36:04,879 remote_control_joystick.py, line 126, INFO:image:6367.jpg
2025-07-21 23:36:04,934 remote_control_joystick.py, line 126, INFO:image:6368.jpg
2025-07-21 23:36:04,988 remote_control_joystick.py, line 126, INFO:image:6369.jpg
2025-07-21 23:36:05,182 remote_control_joystick.py, line 126, INFO:image:6370.jpg
2025-07-21 23:36:05,237 remote_control_joystick.py, line 126, INFO:image:6371.jpg
2025-07-21 23:36:05,292 remote_control_joystick.py, line 126, INFO:image:6372.jpg
2025-07-21 23:36:05,346 remote_control_joystick.py, line 126, INFO:image:6373.jpg
2025-07-21 23:36:05,401 remote_control_joystick.py, line 126, INFO:image:6374.jpg
2025-07-21 23:36:05,456 remote_control_joystick.py, line 126, INFO:image:6375.jpg
2025-07-21 23:36:05,511 remote_control_joystick.py, line 126, INFO:image:6376.jpg
2025-07-21 23:36:05,566 remote_control_joystick.py, line 126, INFO:image:6377.jpg
2025-07-21 23:36:05,621 remote_control_joystick.py, line 126, INFO:image:6378.jpg
2025-07-21 23:36:05,677 remote_control_joystick.py, line 126, INFO:image:6379.jpg
2025-07-21 23:36:05,921 remote_control_joystick.py, line 126, INFO:image:6380.jpg
2025-07-21 23:36:05,977 remote_control_joystick.py, line 126, INFO:image:6381.jpg
2025-07-21 23:36:06,032 remote_control_joystick.py, line 126, INFO:image:6382.jpg
2025-07-21 23:36:06,088 remote_control_joystick.py, line 126, INFO:image:6383.jpg
2025-07-21 23:36:06,143 remote_control_joystick.py, line 126, INFO:image:6384.jpg
2025-07-21 23:36:06,198 remote_control_joystick.py, line 126, INFO:image:6385.jpg
2025-07-21 23:36:06,254 remote_control_joystick.py, line 126, INFO:image:6386.jpg
2025-07-21 23:36:06,309 remote_control_joystick.py, line 126, INFO:image:6387.jpg
2025-07-21 23:36:06,364 remote_control_joystick.py, line 126, INFO:image:6388.jpg
2025-07-21 23:36:06,419 remote_control_joystick.py, line 126, INFO:image:6389.jpg
2025-07-21 23:36:06,612 remote_control_joystick.py, line 126, INFO:image:6390.jpg
2025-07-21 23:36:06,666 remote_control_joystick.py, line 126, INFO:image:6391.jpg
2025-07-21 23:36:06,721 remote_control_joystick.py, line 126, INFO:image:6392.jpg
2025-07-21 23:36:06,776 remote_control_joystick.py, line 126, INFO:image:6393.jpg
2025-07-21 23:36:06,832 remote_control_joystick.py, line 126, INFO:image:6394.jpg
2025-07-21 23:36:06,887 remote_control_joystick.py, line 126, INFO:image:6395.jpg
2025-07-21 23:36:06,942 remote_control_joystick.py, line 126, INFO:image:6396.jpg
2025-07-21 23:36:06,998 remote_control_joystick.py, line 126, INFO:image:6397.jpg
2025-07-21 23:36:07,053 remote_control_joystick.py, line 126, INFO:image:6398.jpg
2025-07-21 23:36:07,108 remote_control_joystick.py, line 126, INFO:image:6399.jpg
2025-07-21 23:36:07,366 remote_control_joystick.py, line 126, INFO:image:6400.jpg
2025-07-21 23:36:07,421 remote_control_joystick.py, line 126, INFO:image:6401.jpg
2025-07-21 23:36:07,477 remote_control_joystick.py, line 126, INFO:image:6402.jpg
2025-07-21 23:36:07,532 remote_control_joystick.py, line 126, INFO:image:6403.jpg
2025-07-21 23:36:07,587 remote_control_joystick.py, line 126, INFO:image:6404.jpg
2025-07-21 23:36:07,642 remote_control_joystick.py, line 126, INFO:image:6405.jpg
2025-07-21 23:36:07,697 remote_control_joystick.py, line 126, INFO:image:6406.jpg
2025-07-21 23:36:07,752 remote_control_joystick.py, line 126, INFO:image:6407.jpg
2025-07-21 23:36:07,807 remote_control_joystick.py, line 126, INFO:image:6408.jpg
2025-07-21 23:36:07,862 remote_control_joystick.py, line 126, INFO:image:6409.jpg
2025-07-21 23:36:08,056 remote_control_joystick.py, line 126, INFO:image:6410.jpg
2025-07-21 23:36:08,110 remote_control_joystick.py, line 126, INFO:image:6411.jpg
2025-07-21 23:36:08,165 remote_control_joystick.py, line 126, INFO:image:6412.jpg
2025-07-21 23:36:08,220 remote_control_joystick.py, line 126, INFO:image:6413.jpg
2025-07-21 23:36:08,275 remote_control_joystick.py, line 126, INFO:image:6414.jpg
2025-07-21 23:36:08,330 remote_control_joystick.py, line 126, INFO:image:6415.jpg
2025-07-21 23:36:08,385 remote_control_joystick.py, line 126, INFO:image:6416.jpg
2025-07-21 23:36:08,440 remote_control_joystick.py, line 126, INFO:image:6417.jpg
2025-07-21 23:36:08,494 remote_control_joystick.py, line 126, INFO:image:6418.jpg
2025-07-21 23:36:08,549 remote_control_joystick.py, line 126, INFO:image:6419.jpg
2025-07-21 23:36:08,803 remote_control_joystick.py, line 126, INFO:image:6420.jpg
2025-07-21 23:36:08,859 remote_control_joystick.py, line 126, INFO:image:6421.jpg
2025-07-21 23:36:08,914 remote_control_joystick.py, line 126, INFO:image:6422.jpg
2025-07-21 23:36:08,969 remote_control_joystick.py, line 126, INFO:image:6423.jpg
2025-07-21 23:36:09,023 remote_control_joystick.py, line 126, INFO:image:6424.jpg
2025-07-21 23:36:09,079 remote_control_joystick.py, line 126, INFO:image:6425.jpg
2025-07-21 23:36:09,133 remote_control_joystick.py, line 126, INFO:image:6426.jpg
2025-07-21 23:36:09,190 remote_control_joystick.py, line 126, INFO:image:6427.jpg
2025-07-21 23:36:09,245 remote_control_joystick.py, line 126, INFO:image:6428.jpg
2025-07-21 23:36:09,299 remote_control_joystick.py, line 126, INFO:image:6429.jpg
2025-07-21 23:36:09,484 remote_control_joystick.py, line 126, INFO:image:6430.jpg
2025-07-21 23:36:09,538 remote_control_joystick.py, line 126, INFO:image:6431.jpg
2025-07-21 23:36:09,593 remote_control_joystick.py, line 126, INFO:image:6432.jpg
2025-07-21 23:36:09,648 remote_control_joystick.py, line 126, INFO:image:6433.jpg
2025-07-21 23:36:09,703 remote_control_joystick.py, line 126, INFO:image:6434.jpg
2025-07-21 23:36:09,758 remote_control_joystick.py, line 126, INFO:image:6435.jpg
2025-07-21 23:36:09,812 remote_control_joystick.py, line 126, INFO:image:6436.jpg
2025-07-21 23:36:09,867 remote_control_joystick.py, line 126, INFO:image:6437.jpg
2025-07-21 23:36:09,922 remote_control_joystick.py, line 126, INFO:image:6438.jpg
2025-07-21 23:36:09,976 remote_control_joystick.py, line 126, INFO:image:6439.jpg
2025-07-21 23:36:10,230 remote_control_joystick.py, line 126, INFO:image:6440.jpg
2025-07-21 23:36:10,285 remote_control_joystick.py, line 126, INFO:image:6441.jpg
2025-07-21 23:36:10,340 remote_control_joystick.py, line 126, INFO:image:6442.jpg
2025-07-21 23:36:10,396 remote_control_joystick.py, line 126, INFO:image:6443.jpg
2025-07-21 23:36:10,450 remote_control_joystick.py, line 126, INFO:image:6444.jpg
2025-07-21 23:36:10,505 remote_control_joystick.py, line 126, INFO:image:6445.jpg
2025-07-21 23:36:10,560 remote_control_joystick.py, line 126, INFO:image:6446.jpg
2025-07-21 23:36:10,615 remote_control_joystick.py, line 126, INFO:image:6447.jpg
2025-07-21 23:36:10,670 remote_control_joystick.py, line 126, INFO:image:6448.jpg
2025-07-21 23:36:10,725 remote_control_joystick.py, line 126, INFO:image:6449.jpg
2025-07-21 23:36:10,917 remote_control_joystick.py, line 126, INFO:image:6450.jpg
2025-07-21 23:36:10,971 remote_control_joystick.py, line 126, INFO:image:6451.jpg
2025-07-21 23:36:11,026 remote_control_joystick.py, line 126, INFO:image:6452.jpg
2025-07-21 23:36:11,081 remote_control_joystick.py, line 126, INFO:image:6453.jpg
2025-07-21 23:36:11,135 remote_control_joystick.py, line 126, INFO:image:6454.jpg
2025-07-21 23:36:11,190 remote_control_joystick.py, line 126, INFO:image:6455.jpg
2025-07-21 23:36:11,246 remote_control_joystick.py, line 126, INFO:image:6456.jpg
2025-07-21 23:36:11,301 remote_control_joystick.py, line 126, INFO:image:6457.jpg
2025-07-21 23:36:11,356 remote_control_joystick.py, line 126, INFO:image:6458.jpg
2025-07-21 23:36:11,411 remote_control_joystick.py, line 126, INFO:image:6459.jpg
2025-07-21 23:36:11,666 remote_control_joystick.py, line 126, INFO:image:6460.jpg
2025-07-21 23:36:11,721 remote_control_joystick.py, line 126, INFO:image:6461.jpg
2025-07-21 23:36:11,776 remote_control_joystick.py, line 126, INFO:image:6462.jpg
2025-07-21 23:36:11,831 remote_control_joystick.py, line 126, INFO:image:6463.jpg
2025-07-21 23:36:11,887 remote_control_joystick.py, line 126, INFO:image:6464.jpg
2025-07-21 23:36:11,942 remote_control_joystick.py, line 126, INFO:image:6465.jpg
2025-07-21 23:36:11,997 remote_control_joystick.py, line 126, INFO:image:6466.jpg
2025-07-21 23:36:12,051 remote_control_joystick.py, line 126, INFO:image:6467.jpg
2025-07-21 23:36:12,106 remote_control_joystick.py, line 126, INFO:image:6468.jpg
2025-07-21 23:50:27,776 serial_wrap.py, line 123, INFO:try:/dev/ttyCH341USB0 - USB Serial
2025-07-21 23:50:27,866 serial_wrap.py, line 63, INFO:port is /dev/ttyCH341USB0, controller is mc602, mode USB
2025-07-21 23:50:27,967 controller_wrap.py, line 31, INFO:dev_name:mc602
2025-07-21 23:50:28,582 vehicle_base.py, line 302, INFO:MecanumChassis
2025-07-21 23:50:28,583 vehicle_base.py, line 191, INFO:mecanum init
2025-07-21 23:50:28,584 car_wrap.py, line 146, INFO:my car init ok 0.011016845703125
2025-07-21 23:50:31,580 infer_front.py, line 112, INFO:In local mode, init lane...
2025-07-21 23:50:44,862 infer_front.py, line 122, INFO:lane init ok in local mode
2025-07-21 23:50:44,880 infer_front.py, line 112, INFO:In local mode, init front...
2025-07-21 23:50:46,961 infer_front.py, line 122, INFO:front init ok in local mode
2025-07-21 23:50:46,966 infer_front.py, line 112, INFO:In local mode, init task...
2025-07-21 23:50:49,964 infer_front.py, line 122, INFO:task init ok in local mode
2025-07-21 23:50:49,976 infer_front.py, line 112, INFO:In local mode, init ocr...
2025-07-21 23:50:53,383 infer_front.py, line 122, INFO:ocr init ok in local mode
2025-07-21 23:50:56,414 camera.py, line 108, INFO:/dev/cam4 close
2025-07-21 23:50:56,459 camera.py, line 108, INFO:/dev/cam3 close
2025-07-21 23:58:40,540 serial_wrap.py, line 123, INFO:try:/dev/ttyCH341USB0 - USB Serial
2025-07-21 23:58:40,629 serial_wrap.py, line 63, INFO:port is /dev/ttyCH341USB0, controller is mc602, mode USB
2025-07-21 23:58:40,733 controller_wrap.py, line 31, INFO:dev_name:mc602
2025-07-21 23:58:41,475 vehicle_base.py, line 302, INFO:MecanumChassis
2025-07-21 23:58:41,476 vehicle_base.py, line 191, INFO:mecanum init
2025-07-21 23:58:41,477 car_wrap.py, line 146, INFO:my car init ok 0.01110386848449707
2025-07-21 23:58:44,458 infer_front.py, line 112, INFO:In local mode, init lane...
2025-07-21 23:58:56,096 infer_front.py, line 122, INFO:lane init ok in local mode
2025-07-21 23:58:56,102 infer_front.py, line 112, INFO:In local mode, init front...
2025-07-21 23:58:57,999 infer_front.py, line 122, INFO:front init ok in local mode
2025-07-21 23:58:58,005 infer_front.py, line 112, INFO:In local mode, init task...
2025-07-21 23:59:00,799 infer_front.py, line 122, INFO:task init ok in local mode
2025-07-21 23:59:00,805 infer_front.py, line 112, INFO:In local mode, init ocr...
2025-07-21 23:59:04,071 infer_front.py, line 122, INFO:ocr init ok in local mode
2025-07-21 23:59:06,618 arm_base.py, line 266, INFO:change side to 1
2025-07-21 23:59:14,153 car_wrap.py, line 1202, INFO:0
2025-07-21 23:59:14,154 car_wrap.py, line 1204, INFO:['hanoi_tower_func', 'bmi_cal', 'camp_fun', 'send_fun', 'task_ingredients', 'task_answer', 'task_fun2', 'task_food', 'task_help', 'task_ingredients_1', 'final_task', 'task_food_1', 'task_food_2', 'all_task', 'lane_test', 'lane_whole', 'pose_front', 'safe_reset', 'debug', 'reset_pose']
2025-07-21 23:59:14,656 car_wrap.py, line 1289, INFO:reset_pose
2025-07-21 23:59:15,163 car_wrap.py, line 1289, INFO:debug
2025-07-21 23:59:15,780 car_wrap.py, line 1289, INFO:safe_reset
2025-07-21 23:59:16,289 car_wrap.py, line 1289, INFO:pose_front
2025-07-21 23:59:16,849 car_wrap.py, line 1289, INFO:lane_whole
2025-07-21 23:59:17,409 car_wrap.py, line 1289, INFO:lane_test
2025-07-21 23:59:17,918 car_wrap.py, line 1289, INFO:all_task
2025-07-21 23:59:18,427 car_wrap.py, line 1289, INFO:task_food_2
2025-07-21 23:59:18,934 car_wrap.py, line 1289, INFO:task_food_1
2025-07-21 23:59:20,387 car_wrap.py, line 1289, INFO:task_food_2
2025-07-21 23:59:22,590 arm_base.py, line 266, INFO:change side to -1
2025-07-21 23:59:30,630 car_wrap.py, line 374, INFO:tar x:0.015217391992438569 dis:0.22868695771488853
2025-07-21 23:59:32,651 car_wrap.py, line 384, INFO:time out
2025-07-21 23:59:35,560 car_wrap.py, line 374, INFO:tar x:0.015217391992438569 dis:0.22868695771488853
2025-07-21 23:59:37,573 car_wrap.py, line 456, INFO:location15 ok
2025-07-21 23:59:38,371 car_wrap.py, line 1289, INFO:task_food_2
